Performing C SOURCE FILE Test CMAKE_HAVE_LIBC_PTHREAD failed with the following output:
Change Dir: /home/pi/21_hf271/RPI/image_pub/build/CMakeFiles/CMakeTmp

Run Build Command(s):/usr/bin/make cmTC_0e00b/fast && /usr/bin/make -f CMakeFiles/cmTC_0e00b.dir/build.make CMakeFiles/cmTC_0e00b.dir/build
make[1]: Entering directory '/home/pi/21_hf271/RPI/image_pub/build/CMakeFiles/CMakeTmp'
Building C object CMakeFiles/cmTC_0e00b.dir/src.c.o
/usr/bin/cc   -DCMAKE_HAVE_LIBC_PTHREAD   -o CMakeFiles/cmTC_0e00b.dir/src.c.o   -c /home/pi/21_hf271/RPI/image_pub/build/CMakeFiles/CMakeTmp/src.c
Linking C executable cmTC_0e00b
/usr/bin/cmake -E cmake_link_script CMakeFiles/cmTC_0e00b.dir/link.txt --verbose=1
/usr/bin/cc  -DCMAKE_HAVE_LIBC_PTHREAD    -rdynamic CMakeFiles/cmTC_0e00b.dir/src.c.o  -o cmTC_0e00b 
/usr/bin/ld: CMakeFiles/cmTC_0e00b.dir/src.c.o: in function `main':
src.c:(.text+0x40): undefined reference to `pthread_create'
/usr/bin/ld: src.c:(.text+0x4c): undefined reference to `pthread_detach'
/usr/bin/ld: src.c:(.text+0x5c): undefined reference to `pthread_join'
collect2: error: ld returned 1 exit status
make[1]: *** [CMakeFiles/cmTC_0e00b.dir/build.make:87: cmTC_0e00b] Error 1
make[1]: Leaving directory '/home/pi/21_hf271/RPI/image_pub/build/CMakeFiles/CMakeTmp'
make: *** [Makefile:121: cmTC_0e00b/fast] Error 2


Source file was:
#include <pthread.h>

void* test_func(void* data)
{
  return data;
}

int main(void)
{
  pthread_t thread;
  pthread_create(&thread, NULL, test_func, NULL);
  pthread_detach(thread);
  pthread_join(thread, NULL);
  pthread_atfork(NULL, NULL, NULL);
  pthread_exit(NULL);

  return 0;
}

Determining if the function pthread_create exists in the pthreads failed with the following output:
Change Dir: /home/pi/21_hf271/RPI/image_pub/build/CMakeFiles/CMakeTmp

Run Build Command(s):/usr/bin/make cmTC_3f026/fast && /usr/bin/make -f CMakeFiles/cmTC_3f026.dir/build.make CMakeFiles/cmTC_3f026.dir/build
make[1]: Entering directory '/home/pi/21_hf271/RPI/image_pub/build/CMakeFiles/CMakeTmp'
Building C object CMakeFiles/cmTC_3f026.dir/CheckFunctionExists.c.o
/usr/bin/cc   -DCHECK_FUNCTION_EXISTS=pthread_create   -o CMakeFiles/cmTC_3f026.dir/CheckFunctionExists.c.o   -c /usr/share/cmake-3.16/Modules/CheckFunctionExists.c
Linking C executable cmTC_3f026
/usr/bin/cmake -E cmake_link_script CMakeFiles/cmTC_3f026.dir/link.txt --verbose=1
/usr/bin/cc  -DCHECK_FUNCTION_EXISTS=pthread_create    -rdynamic CMakeFiles/cmTC_3f026.dir/CheckFunctionExists.c.o  -o cmTC_3f026  -lpthreads 
/usr/bin/ld: cannot find -lpthreads
collect2: error: ld returned 1 exit status
make[1]: *** [CMakeFiles/cmTC_3f026.dir/build.make:87: cmTC_3f026] Error 1
make[1]: Leaving directory '/home/pi/21_hf271/RPI/image_pub/build/CMakeFiles/CMakeTmp'
make: *** [Makefile:121: cmTC_3f026/fast] Error 2



Performing C SOURCE FILE Test CMAKE_HAVE_LIBC_PTHREAD failed with the following output:
Change Dir: /home/kyung/21_hf271/RPI/image_pub/build/CMakeFiles/CMakeTmp

Run Build Command(s):/usr/bin/make cmTC_4555c/fast && /usr/bin/make -f CMakeFiles/cmTC_4555c.dir/build.make CMakeFiles/cmTC_4555c.dir/build
make[1]: Entering directory '/home/kyung/21_hf271/RPI/image_pub/build/CMakeFiles/CMakeTmp'
Building C object CMakeFiles/cmTC_4555c.dir/src.c.o
/usr/bin/cc   -DCMAKE_HAVE_LIBC_PTHREAD   -o CMakeFiles/cmTC_4555c.dir/src.c.o   -c /home/kyung/21_hf271/RPI/image_pub/build/CMakeFiles/CMakeTmp/src.c
Linking C executable cmTC_4555c
/usr/bin/cmake -E cmake_link_script CMakeFiles/cmTC_4555c.dir/link.txt --verbose=1
/usr/bin/cc  -DCMAKE_HAVE_LIBC_PTHREAD    -rdynamic CMakeFiles/cmTC_4555c.dir/src.c.o  -o cmTC_4555c 
/usr/bin/ld: CMakeFiles/cmTC_4555c.dir/src.c.o: in function `main':
src.c:(.text+0x46): undefined reference to `pthread_create'
/usr/bin/ld: src.c:(.text+0x52): undefined reference to `pthread_detach'
/usr/bin/ld: src.c:(.text+0x63): undefined reference to `pthread_join'
collect2: error: ld returned 1 exit status
make[1]: *** [CMakeFiles/cmTC_4555c.dir/build.make:87: cmTC_4555c] Error 1
make[1]: Leaving directory '/home/kyung/21_hf271/RPI/image_pub/build/CMakeFiles/CMakeTmp'
make: *** [Makefile:121: cmTC_4555c/fast] Error 2


Source file was:
#include <pthread.h>

void* test_func(void* data)
{
  return data;
}

int main(void)
{
  pthread_t thread;
  pthread_create(&thread, NULL, test_func, NULL);
  pthread_detach(thread);
  pthread_join(thread, NULL);
  pthread_atfork(NULL, NULL, NULL);
  pthread_exit(NULL);

  return 0;
}

Determining if the function pthread_create exists in the pthreads failed with the following output:
Change Dir: /home/kyung/21_hf271/RPI/image_pub/build/CMakeFiles/CMakeTmp

Run Build Command(s):/usr/bin/make cmTC_d93f0/fast && /usr/bin/make -f CMakeFiles/cmTC_d93f0.dir/build.make CMakeFiles/cmTC_d93f0.dir/build
make[1]: Entering directory '/home/kyung/21_hf271/RPI/image_pub/build/CMakeFiles/CMakeTmp'
Building C object CMakeFiles/cmTC_d93f0.dir/CheckFunctionExists.c.o
/usr/bin/cc   -DCHECK_FUNCTION_EXISTS=pthread_create   -o CMakeFiles/cmTC_d93f0.dir/CheckFunctionExists.c.o   -c /usr/share/cmake-3.16/Modules/CheckFunctionExists.c
Linking C executable cmTC_d93f0
/usr/bin/cmake -E cmake_link_script CMakeFiles/cmTC_d93f0.dir/link.txt --verbose=1
/usr/bin/cc  -DCHECK_FUNCTION_EXISTS=pthread_create    -rdynamic CMakeFiles/cmTC_d93f0.dir/CheckFunctionExists.c.o  -o cmTC_d93f0  -lpthreads 
/usr/bin/ld: cannot find -lpthreads
collect2: error: ld returned 1 exit status
make[1]: *** [CMakeFiles/cmTC_d93f0.dir/build.make:87: cmTC_d93f0] Error 1
make[1]: Leaving directory '/home/kyung/21_hf271/RPI/image_pub/build/CMakeFiles/CMakeTmp'
make: *** [Makefile:121: cmTC_d93f0/fast] Error 2



Performing C SOURCE FILE Test CMAKE_HAVE_LIBC_PTHREAD failed with the following output:
Change Dir: /home/kyung/21_hf271/RPI/image_pub/build/CMakeFiles/CMakeTmp

Run Build Command(s):/usr/bin/make cmTC_6cd8c/fast && /usr/bin/make -f CMakeFiles/cmTC_6cd8c.dir/build.make CMakeFiles/cmTC_6cd8c.dir/build
make[1]: Entering directory '/home/kyung/21_hf271/RPI/image_pub/build/CMakeFiles/CMakeTmp'
Building C object CMakeFiles/cmTC_6cd8c.dir/src.c.o
/usr/bin/cc   -DCMAKE_HAVE_LIBC_PTHREAD   -o CMakeFiles/cmTC_6cd8c.dir/src.c.o   -c /home/kyung/21_hf271/RPI/image_pub/build/CMakeFiles/CMakeTmp/src.c
Linking C executable cmTC_6cd8c
/usr/bin/cmake -E cmake_link_script CMakeFiles/cmTC_6cd8c.dir/link.txt --verbose=1
/usr/bin/cc  -DCMAKE_HAVE_LIBC_PTHREAD    -rdynamic CMakeFiles/cmTC_6cd8c.dir/src.c.o  -o cmTC_6cd8c 
/usr/bin/ld: CMakeFiles/cmTC_6cd8c.dir/src.c.o: in function `main':
src.c:(.text+0x46): undefined reference to `pthread_create'
/usr/bin/ld: src.c:(.text+0x52): undefined reference to `pthread_detach'
/usr/bin/ld: src.c:(.text+0x63): undefined reference to `pthread_join'
collect2: error: ld returned 1 exit status
make[1]: *** [CMakeFiles/cmTC_6cd8c.dir/build.make:87: cmTC_6cd8c] Error 1
make[1]: Leaving directory '/home/kyung/21_hf271/RPI/image_pub/build/CMakeFiles/CMakeTmp'
make: *** [Makefile:121: cmTC_6cd8c/fast] Error 2


Source file was:
#include <pthread.h>

void* test_func(void* data)
{
  return data;
}

int main(void)
{
  pthread_t thread;
  pthread_create(&thread, NULL, test_func, NULL);
  pthread_detach(thread);
  pthread_join(thread, NULL);
  pthread_atfork(NULL, NULL, NULL);
  pthread_exit(NULL);

  return 0;
}

Determining if the function pthread_create exists in the pthreads failed with the following output:
Change Dir: /home/kyung/21_hf271/RPI/image_pub/build/CMakeFiles/CMakeTmp

Run Build Command(s):/usr/bin/make cmTC_8b2ec/fast && /usr/bin/make -f CMakeFiles/cmTC_8b2ec.dir/build.make CMakeFiles/cmTC_8b2ec.dir/build
make[1]: Entering directory '/home/kyung/21_hf271/RPI/image_pub/build/CMakeFiles/CMakeTmp'
Building C object CMakeFiles/cmTC_8b2ec.dir/CheckFunctionExists.c.o
/usr/bin/cc   -DCHECK_FUNCTION_EXISTS=pthread_create   -o CMakeFiles/cmTC_8b2ec.dir/CheckFunctionExists.c.o   -c /usr/share/cmake-3.16/Modules/CheckFunctionExists.c
Linking C executable cmTC_8b2ec
/usr/bin/cmake -E cmake_link_script CMakeFiles/cmTC_8b2ec.dir/link.txt --verbose=1
/usr/bin/cc  -DCHECK_FUNCTION_EXISTS=pthread_create    -rdynamic CMakeFiles/cmTC_8b2ec.dir/CheckFunctionExists.c.o  -o cmTC_8b2ec  -lpthreads 
/usr/bin/ld: cannot find -lpthreads
collect2: error: ld returned 1 exit status
make[1]: *** [CMakeFiles/cmTC_8b2ec.dir/build.make:87: cmTC_8b2ec] Error 1
make[1]: Leaving directory '/home/kyung/21_hf271/RPI/image_pub/build/CMakeFiles/CMakeTmp'
make: *** [Makefile:121: cmTC_8b2ec/fast] Error 2



Performing C SOURCE FILE Test CMAKE_HAVE_LIBC_PTHREAD failed with the following output:
Change Dir: /home/kyung/21_hf271/RPI/image_pub/build/CMakeFiles/CMakeTmp

Run Build Command(s):/usr/bin/make cmTC_1039a/fast && /usr/bin/make -f CMakeFiles/cmTC_1039a.dir/build.make CMakeFiles/cmTC_1039a.dir/build
make[1]: Entering directory '/home/kyung/21_hf271/RPI/image_pub/build/CMakeFiles/CMakeTmp'
Building C object CMakeFiles/cmTC_1039a.dir/src.c.o
/usr/bin/cc   -DCMAKE_HAVE_LIBC_PTHREAD   -o CMakeFiles/cmTC_1039a.dir/src.c.o   -c /home/kyung/21_hf271/RPI/image_pub/build/CMakeFiles/CMakeTmp/src.c
Linking C executable cmTC_1039a
/usr/bin/cmake -E cmake_link_script CMakeFiles/cmTC_1039a.dir/link.txt --verbose=1
/usr/bin/cc  -DCMAKE_HAVE_LIBC_PTHREAD    -rdynamic CMakeFiles/cmTC_1039a.dir/src.c.o  -o cmTC_1039a 
/usr/bin/ld: CMakeFiles/cmTC_1039a.dir/src.c.o: in function `main':
src.c:(.text+0x46): undefined reference to `pthread_create'
/usr/bin/ld: src.c:(.text+0x52): undefined reference to `pthread_detach'
/usr/bin/ld: src.c:(.text+0x63): undefined reference to `pthread_join'
collect2: error: ld returned 1 exit status
make[1]: *** [CMakeFiles/cmTC_1039a.dir/build.make:87: cmTC_1039a] Error 1
make[1]: Leaving directory '/home/kyung/21_hf271/RPI/image_pub/build/CMakeFiles/CMakeTmp'
make: *** [Makefile:121: cmTC_1039a/fast] Error 2


Source file was:
#include <pthread.h>

void* test_func(void* data)
{
  return data;
}

int main(void)
{
  pthread_t thread;
  pthread_create(&thread, NULL, test_func, NULL);
  pthread_detach(thread);
  pthread_join(thread, NULL);
  pthread_atfork(NULL, NULL, NULL);
  pthread_exit(NULL);

  return 0;
}

Determining if the function pthread_create exists in the pthreads failed with the following output:
Change Dir: /home/kyung/21_hf271/RPI/image_pub/build/CMakeFiles/CMakeTmp

Run Build Command(s):/usr/bin/make cmTC_a310a/fast && /usr/bin/make -f CMakeFiles/cmTC_a310a.dir/build.make CMakeFiles/cmTC_a310a.dir/build
make[1]: Entering directory '/home/kyung/21_hf271/RPI/image_pub/build/CMakeFiles/CMakeTmp'
Building C object CMakeFiles/cmTC_a310a.dir/CheckFunctionExists.c.o
/usr/bin/cc   -DCHECK_FUNCTION_EXISTS=pthread_create   -o CMakeFiles/cmTC_a310a.dir/CheckFunctionExists.c.o   -c /usr/share/cmake-3.16/Modules/CheckFunctionExists.c
Linking C executable cmTC_a310a
/usr/bin/cmake -E cmake_link_script CMakeFiles/cmTC_a310a.dir/link.txt --verbose=1
/usr/bin/cc  -DCHECK_FUNCTION_EXISTS=pthread_create    -rdynamic CMakeFiles/cmTC_a310a.dir/CheckFunctionExists.c.o  -o cmTC_a310a  -lpthreads 
/usr/bin/ld: cannot find -lpthreads
collect2: error: ld returned 1 exit status
make[1]: *** [CMakeFiles/cmTC_a310a.dir/build.make:87: cmTC_a310a] Error 1
make[1]: Leaving directory '/home/kyung/21_hf271/RPI/image_pub/build/CMakeFiles/CMakeTmp'
make: *** [Makefile:121: cmTC_a310a/fast] Error 2



Performing C SOURCE FILE Test CMAKE_HAVE_LIBC_PTHREAD failed with the following output:
Change Dir: /home/kyung/21_hf271/RPI/image_transport/build/CMakeFiles/CMakeTmp

Run Build Command(s):/usr/bin/make cmTC_052b7/fast && /usr/bin/make -f CMakeFiles/cmTC_052b7.dir/build.make CMakeFiles/cmTC_052b7.dir/build
make[1]: Entering directory '/home/kyung/21_hf271/RPI/image_transport/build/CMakeFiles/CMakeTmp'
Building C object CMakeFiles/cmTC_052b7.dir/src.c.o
/usr/bin/cc   -DCMAKE_HAVE_LIBC_PTHREAD   -o CMakeFiles/cmTC_052b7.dir/src.c.o   -c /home/kyung/21_hf271/RPI/image_transport/build/CMakeFiles/CMakeTmp/src.c
Linking C executable cmTC_052b7
/usr/bin/cmake -E cmake_link_script CMakeFiles/cmTC_052b7.dir/link.txt --verbose=1
/usr/bin/cc  -DCMAKE_HAVE_LIBC_PTHREAD    -rdynamic CMakeFiles/cmTC_052b7.dir/src.c.o  -o cmTC_052b7 
/usr/bin/ld: CMakeFiles/cmTC_052b7.dir/src.c.o: in function `main':
src.c:(.text+0x46): undefined reference to `pthread_create'
/usr/bin/ld: src.c:(.text+0x52): undefined reference to `pthread_detach'
/usr/bin/ld: src.c:(.text+0x63): undefined reference to `pthread_join'
collect2: error: ld returned 1 exit status
make[1]: *** [CMakeFiles/cmTC_052b7.dir/build.make:87: cmTC_052b7] Error 1
make[1]: Leaving directory '/home/kyung/21_hf271/RPI/image_transport/build/CMakeFiles/CMakeTmp'
make: *** [Makefile:121: cmTC_052b7/fast] Error 2


Source file was:
#include <pthread.h>

void* test_func(void* data)
{
  return data;
}

int main(void)
{
  pthread_t thread;
  pthread_create(&thread, NULL, test_func, NULL);
  pthread_detach(thread);
  pthread_join(thread, NULL);
  pthread_atfork(NULL, NULL, NULL);
  pthread_exit(NULL);

  return 0;
}

Determining if the function pthread_create exists in the pthreads failed with the following output:
Change Dir: /home/kyung/21_hf271/RPI/image_transport/build/CMakeFiles/CMakeTmp

Run Build Command(s):/usr/bin/make cmTC_7e67a/fast && /usr/bin/make -f CMakeFiles/cmTC_7e67a.dir/build.make CMakeFiles/cmTC_7e67a.dir/build
make[1]: Entering directory '/home/kyung/21_hf271/RPI/image_transport/build/CMakeFiles/CMakeTmp'
Building C object CMakeFiles/cmTC_7e67a.dir/CheckFunctionExists.c.o
/usr/bin/cc   -DCHECK_FUNCTION_EXISTS=pthread_create   -o CMakeFiles/cmTC_7e67a.dir/CheckFunctionExists.c.o   -c /usr/share/cmake-3.16/Modules/CheckFunctionExists.c
Linking C executable cmTC_7e67a
/usr/bin/cmake -E cmake_link_script CMakeFiles/cmTC_7e67a.dir/link.txt --verbose=1
/usr/bin/cc  -DCHECK_FUNCTION_EXISTS=pthread_create    -rdynamic CMakeFiles/cmTC_7e67a.dir/CheckFunctionExists.c.o  -o cmTC_7e67a  -lpthreads 
/usr/bin/ld: cannot find -lpthreads
collect2: error: ld returned 1 exit status
make[1]: *** [CMakeFiles/cmTC_7e67a.dir/build.make:87: cmTC_7e67a] Error 1
make[1]: Leaving directory '/home/kyung/21_hf271/RPI/image_transport/build/CMakeFiles/CMakeTmp'
make: *** [Makefile:121: cmTC_7e67a/fast] Error 2



Performing C SOURCE FILE Test CMAKE_HAVE_LIBC_PTHREAD failed with the following output:
Change Dir: /home/kyung/21_hf271/RPI/image_transport/build/CMakeFiles/CMakeTmp

Run Build Command(s):/usr/bin/make cmTC_4a61a/fast && /usr/bin/make -f CMakeFiles/cmTC_4a61a.dir/build.make CMakeFiles/cmTC_4a61a.dir/build
make[1]: Entering directory '/home/kyung/21_hf271/RPI/image_transport/build/CMakeFiles/CMakeTmp'
Building C object CMakeFiles/cmTC_4a61a.dir/src.c.o
/usr/bin/cc   -DCMAKE_HAVE_LIBC_PTHREAD   -o CMakeFiles/cmTC_4a61a.dir/src.c.o   -c /home/kyung/21_hf271/RPI/image_transport/build/CMakeFiles/CMakeTmp/src.c
Linking C executable cmTC_4a61a
/usr/bin/cmake -E cmake_link_script CMakeFiles/cmTC_4a61a.dir/link.txt --verbose=1
/usr/bin/cc  -DCMAKE_HAVE_LIBC_PTHREAD    -rdynamic CMakeFiles/cmTC_4a61a.dir/src.c.o  -o cmTC_4a61a 
/usr/bin/ld: CMakeFiles/cmTC_4a61a.dir/src.c.o: in function `main':
src.c:(.text+0x46): undefined reference to `pthread_create'
/usr/bin/ld: src.c:(.text+0x52): undefined reference to `pthread_detach'
/usr/bin/ld: src.c:(.text+0x63): undefined reference to `pthread_join'
collect2: error: ld returned 1 exit status
make[1]: *** [CMakeFiles/cmTC_4a61a.dir/build.make:87: cmTC_4a61a] Error 1
make[1]: Leaving directory '/home/kyung/21_hf271/RPI/image_transport/build/CMakeFiles/CMakeTmp'
make: *** [Makefile:121: cmTC_4a61a/fast] Error 2


Source file was:
#include <pthread.h>

void* test_func(void* data)
{
  return data;
}

int main(void)
{
  pthread_t thread;
  pthread_create(&thread, NULL, test_func, NULL);
  pthread_detach(thread);
  pthread_join(thread, NULL);
  pthread_atfork(NULL, NULL, NULL);
  pthread_exit(NULL);

  return 0;
}

Determining if the function pthread_create exists in the pthreads failed with the following output:
Change Dir: /home/kyung/21_hf271/RPI/image_transport/build/CMakeFiles/CMakeTmp

Run Build Command(s):/usr/bin/make cmTC_96c5e/fast && /usr/bin/make -f CMakeFiles/cmTC_96c5e.dir/build.make CMakeFiles/cmTC_96c5e.dir/build
make[1]: Entering directory '/home/kyung/21_hf271/RPI/image_transport/build/CMakeFiles/CMakeTmp'
Building C object CMakeFiles/cmTC_96c5e.dir/CheckFunctionExists.c.o
/usr/bin/cc   -DCHECK_FUNCTION_EXISTS=pthread_create   -o CMakeFiles/cmTC_96c5e.dir/CheckFunctionExists.c.o   -c /usr/share/cmake-3.16/Modules/CheckFunctionExists.c
Linking C executable cmTC_96c5e
/usr/bin/cmake -E cmake_link_script CMakeFiles/cmTC_96c5e.dir/link.txt --verbose=1
/usr/bin/cc  -DCHECK_FUNCTION_EXISTS=pthread_create    -rdynamic CMakeFiles/cmTC_96c5e.dir/CheckFunctionExists.c.o  -o cmTC_96c5e  -lpthreads 
/usr/bin/ld: cannot find -lpthreads
collect2: error: ld returned 1 exit status
make[1]: *** [CMakeFiles/cmTC_96c5e.dir/build.make:87: cmTC_96c5e] Error 1
make[1]: Leaving directory '/home/kyung/21_hf271/RPI/image_transport/build/CMakeFiles/CMakeTmp'
make: *** [Makefile:121: cmTC_96c5e/fast] Error 2



Determining if the pthread_create exist failed with the following output:
Change Dir: /home/nvidia/21_hf271/image_transport/build/CMakeFiles/CMakeTmp

Run Build Command:"/usr/bin/make" "cmTC_ef5c1/fast"
/usr/bin/make -f CMakeFiles/cmTC_ef5c1.dir/build.make CMakeFiles/cmTC_ef5c1.dir/build
make[1]: Entering directory '/home/nvidia/21_hf271/image_transport/build/CMakeFiles/CMakeTmp'
Building C object CMakeFiles/cmTC_ef5c1.dir/CheckSymbolExists.c.o
/usr/bin/cc     -o CMakeFiles/cmTC_ef5c1.dir/CheckSymbolExists.c.o   -c /home/nvidia/21_hf271/image_transport/build/CMakeFiles/CMakeTmp/CheckSymbolExists.c
Linking C executable cmTC_ef5c1
/usr/bin/cmake -E cmake_link_script CMakeFiles/cmTC_ef5c1.dir/link.txt --verbose=1
/usr/bin/cc       CMakeFiles/cmTC_ef5c1.dir/CheckSymbolExists.c.o  -o cmTC_ef5c1 -rdynamic 
CMakeFiles/cmTC_ef5c1.dir/CheckSymbolExists.c.o: In function `main':
CheckSymbolExists.c:(.text+0x14): undefined reference to `pthread_create'
CheckSymbolExists.c:(.text+0x18): undefined reference to `pthread_create'
collect2: error: ld returned 1 exit status
CMakeFiles/cmTC_ef5c1.dir/build.make:97: recipe for target 'cmTC_ef5c1' failed
make[1]: *** [cmTC_ef5c1] Error 1
make[1]: Leaving directory '/home/nvidia/21_hf271/image_transport/build/CMakeFiles/CMakeTmp'
Makefile:126: recipe for target 'cmTC_ef5c1/fast' failed
make: *** [cmTC_ef5c1/fast] Error 2

File /home/nvidia/21_hf271/image_transport/build/CMakeFiles/CMakeTmp/CheckSymbolExists.c:
/* */
#include <pthread.h>

int main(int argc, char** argv)
{
  (void)argv;
#ifndef pthread_create
  return ((int*)(&pthread_create))[argc];
#else
  (void)argc;
  return 0;
#endif
}

Determining if the function pthread_create exists in the pthreads failed with the following output:
Change Dir: /home/nvidia/21_hf271/image_transport/build/CMakeFiles/CMakeTmp

Run Build Command:"/usr/bin/make" "cmTC_0ea74/fast"
/usr/bin/make -f CMakeFiles/cmTC_0ea74.dir/build.make CMakeFiles/cmTC_0ea74.dir/build
make[1]: Entering directory '/home/nvidia/21_hf271/image_transport/build/CMakeFiles/CMakeTmp'
Building C object CMakeFiles/cmTC_0ea74.dir/CheckFunctionExists.c.o
/usr/bin/cc    -DCHECK_FUNCTION_EXISTS=pthread_create   -o CMakeFiles/cmTC_0ea74.dir/CheckFunctionExists.c.o   -c /usr/share/cmake-3.5/Modules/CheckFunctionExists.c
Linking C executable cmTC_0ea74
/usr/bin/cmake -E cmake_link_script CMakeFiles/cmTC_0ea74.dir/link.txt --verbose=1
/usr/bin/cc   -DCHECK_FUNCTION_EXISTS=pthread_create    CMakeFiles/cmTC_0ea74.dir/CheckFunctionExists.c.o  -o cmTC_0ea74 -rdynamic -lpthreads 
/usr/bin/ld: cannot find -lpthreads
collect2: error: ld returned 1 exit status
CMakeFiles/cmTC_0ea74.dir/build.make:97: recipe for target 'cmTC_0ea74' failed
make[1]: *** [cmTC_0ea74] Error 1
make[1]: Leaving directory '/home/nvidia/21_hf271/image_transport/build/CMakeFiles/CMakeTmp'
Makefile:126: recipe for target 'cmTC_0ea74/fast' failed
make: *** [cmTC_0ea74/fast] Error 2


