Performing C SOURCE FILE Test CMAKE_HAVE_LIBC_PTHREAD failed with the following output:
Change Dir: /home/kyung/21_hf271/TX2_main/build/CMakeFiles/CMakeTmp

Run Build Command(s):/usr/bin/make cmTC_f4d92/fast && /usr/bin/make -f CMakeFiles/cmTC_f4d92.dir/build.make CMakeFiles/cmTC_f4d92.dir/build
make[1]: Entering directory '/home/kyung/21_hf271/TX2_main/build/CMakeFiles/CMakeTmp'
Building C object CMakeFiles/cmTC_f4d92.dir/src.c.o
/usr/bin/cc   -DCMAKE_HAVE_LIBC_PTHREAD   -o CMakeFiles/cmTC_f4d92.dir/src.c.o   -c /home/kyung/21_hf271/TX2_main/build/CMakeFiles/CMakeTmp/src.c
Linking C executable cmTC_f4d92
/usr/bin/cmake -E cmake_link_script CMakeFiles/cmTC_f4d92.dir/link.txt --verbose=1
/usr/bin/cc  -DCMAKE_HAVE_LIBC_PTHREAD    -rdynamic CMakeFiles/cmTC_f4d92.dir/src.c.o  -o cmTC_f4d92 
/usr/bin/ld: CMakeFiles/cmTC_f4d92.dir/src.c.o: in function `main':
src.c:(.text+0x46): undefined reference to `pthread_create'
/usr/bin/ld: src.c:(.text+0x52): undefined reference to `pthread_detach'
/usr/bin/ld: src.c:(.text+0x63): undefined reference to `pthread_join'
collect2: error: ld returned 1 exit status
make[1]: *** [CMakeFiles/cmTC_f4d92.dir/build.make:87: cmTC_f4d92] Error 1
make[1]: Leaving directory '/home/kyung/21_hf271/TX2_main/build/CMakeFiles/CMakeTmp'
make: *** [Makefile:121: cmTC_f4d92/fast] Error 2


Source file was:
#include <pthread.h>

void* test_func(void* data)
{
  return data;
}

int main(void)
{
  pthread_t thread;
  pthread_create(&thread, NULL, test_func, NULL);
  pthread_detach(thread);
  pthread_join(thread, NULL);
  pthread_atfork(NULL, NULL, NULL);
  pthread_exit(NULL);

  return 0;
}

Determining if the function pthread_create exists in the pthreads failed with the following output:
Change Dir: /home/kyung/21_hf271/TX2_main/build/CMakeFiles/CMakeTmp

Run Build Command(s):/usr/bin/make cmTC_e3be5/fast && /usr/bin/make -f CMakeFiles/cmTC_e3be5.dir/build.make CMakeFiles/cmTC_e3be5.dir/build
make[1]: Entering directory '/home/kyung/21_hf271/TX2_main/build/CMakeFiles/CMakeTmp'
Building C object CMakeFiles/cmTC_e3be5.dir/CheckFunctionExists.c.o
/usr/bin/cc   -DCHECK_FUNCTION_EXISTS=pthread_create   -o CMakeFiles/cmTC_e3be5.dir/CheckFunctionExists.c.o   -c /usr/share/cmake-3.16/Modules/CheckFunctionExists.c
Linking C executable cmTC_e3be5
/usr/bin/cmake -E cmake_link_script CMakeFiles/cmTC_e3be5.dir/link.txt --verbose=1
/usr/bin/cc  -DCHECK_FUNCTION_EXISTS=pthread_create    -rdynamic CMakeFiles/cmTC_e3be5.dir/CheckFunctionExists.c.o  -o cmTC_e3be5  -lpthreads 
/usr/bin/ld: cannot find -lpthreads
collect2: error: ld returned 1 exit status
make[1]: *** [CMakeFiles/cmTC_e3be5.dir/build.make:87: cmTC_e3be5] Error 1
make[1]: Leaving directory '/home/kyung/21_hf271/TX2_main/build/CMakeFiles/CMakeTmp'
make: *** [Makefile:121: cmTC_e3be5/fast] Error 2



Determining if the pthread_create exist failed with the following output:
Change Dir: /home/nvidia/21_hf271/TX2_main/build/CMakeFiles/CMakeTmp

Run Build Command:"/usr/bin/make" "cmTC_2d676/fast"
/usr/bin/make -f CMakeFiles/cmTC_2d676.dir/build.make CMakeFiles/cmTC_2d676.dir/build
make[1]: Entering directory '/home/nvidia/21_hf271/TX2_main/build/CMakeFiles/CMakeTmp'
Building C object CMakeFiles/cmTC_2d676.dir/CheckSymbolExists.c.o
/usr/bin/cc     -o CMakeFiles/cmTC_2d676.dir/CheckSymbolExists.c.o   -c /home/nvidia/21_hf271/TX2_main/build/CMakeFiles/CMakeTmp/CheckSymbolExists.c
Linking C executable cmTC_2d676
/usr/bin/cmake -E cmake_link_script CMakeFiles/cmTC_2d676.dir/link.txt --verbose=1
/usr/bin/cc       CMakeFiles/cmTC_2d676.dir/CheckSymbolExists.c.o  -o cmTC_2d676 -rdynamic 
CMakeFiles/cmTC_2d676.dir/CheckSymbolExists.c.o: In function `main':
CheckSymbolExists.c:(.text+0x14): undefined reference to `pthread_create'
CheckSymbolExists.c:(.text+0x18): undefined reference to `pthread_create'
collect2: error: ld returned 1 exit status
CMakeFiles/cmTC_2d676.dir/build.make:97: recipe for target 'cmTC_2d676' failed
make[1]: *** [cmTC_2d676] Error 1
make[1]: Leaving directory '/home/nvidia/21_hf271/TX2_main/build/CMakeFiles/CMakeTmp'
Makefile:126: recipe for target 'cmTC_2d676/fast' failed
make: *** [cmTC_2d676/fast] Error 2

File /home/nvidia/21_hf271/TX2_main/build/CMakeFiles/CMakeTmp/CheckSymbolExists.c:
/* */
#include <pthread.h>

int main(int argc, char** argv)
{
  (void)argv;
#ifndef pthread_create
  return ((int*)(&pthread_create))[argc];
#else
  (void)argc;
  return 0;
#endif
}

Determining if the function pthread_create exists in the pthreads failed with the following output:
Change Dir: /home/nvidia/21_hf271/TX2_main/build/CMakeFiles/CMakeTmp

Run Build Command:"/usr/bin/make" "cmTC_563c8/fast"
/usr/bin/make -f CMakeFiles/cmTC_563c8.dir/build.make CMakeFiles/cmTC_563c8.dir/build
make[1]: Entering directory '/home/nvidia/21_hf271/TX2_main/build/CMakeFiles/CMakeTmp'
Building C object CMakeFiles/cmTC_563c8.dir/CheckFunctionExists.c.o
/usr/bin/cc    -DCHECK_FUNCTION_EXISTS=pthread_create   -o CMakeFiles/cmTC_563c8.dir/CheckFunctionExists.c.o   -c /usr/share/cmake-3.5/Modules/CheckFunctionExists.c
Linking C executable cmTC_563c8
/usr/bin/cmake -E cmake_link_script CMakeFiles/cmTC_563c8.dir/link.txt --verbose=1
/usr/bin/cc   -DCHECK_FUNCTION_EXISTS=pthread_create    CMakeFiles/cmTC_563c8.dir/CheckFunctionExists.c.o  -o cmTC_563c8 -rdynamic -lpthreads 
/usr/bin/ld: cannot find -lpthreads
collect2: error: ld returned 1 exit status
CMakeFiles/cmTC_563c8.dir/build.make:97: recipe for target 'cmTC_563c8' failed
make[1]: *** [cmTC_563c8] Error 1
make[1]: Leaving directory '/home/nvidia/21_hf271/TX2_main/build/CMakeFiles/CMakeTmp'
Makefile:126: recipe for target 'cmTC_563c8/fast' failed
make: *** [cmTC_563c8/fast] Error 2


